[2018-08-19 19:47:32] production.ERROR: file_put_contents(/home/dealnotd/public_html/storage/framework/sessions/sTgUe5JY068G9t2DYzzuemyzipkPistSyPgxT5ZC): failed to open stream: No such file or directory {"exception":"[object] (ErrorException(code: 0): file_put_contents(/home/dealnotd/public_html/storage/framework/sessions/sTgUe5JY068G9t2DYzzuemyzipkPistSyPgxT5ZC): failed to open stream: No such file or directory at /home/dealnotd/public_html/vendor/laravel/framework/src/Illuminate/Filesystem/Filesystem.php:122)
[stacktrace]
#0 [internal function]: Illuminate\\Foundation\\Bootstrap\\HandleExceptions->handleError(2, 'file_put_conten...', '/home/dealnotd/...', 122, Array)
#1 /home/dealnotd/public_html/vendor/laravel/framework/src/Illuminate/Filesystem/Filesystem.php(122): file_put_contents('/home/dealnotd/...', 'a:4:{s:8:\"curre...', 2)
#2 /home/dealnotd/public_html/vendor/laravel/framework/src/Illuminate/Session/FileSessionHandler.php(83): Illuminate\\Filesystem\\Filesystem->put('/home/dealnotd/...', 'a:4:{s:8:\"curre...', true)
#3 /home/dealnotd/public_html/vendor/laravel/framework/src/Illuminate/Session/Store.php(129): Illuminate\\Session\\FileSessionHandler->write('sTgUe5JY068G9t2...', 'a:4:{s:8:\"curre...')
#4 /home/dealnotd/public_html/vendor/laravel/framework/src/Illuminate/Session/Middleware/StartSession.php(87): Illuminate\\Session\\Store->save()
#5 /home/dealnotd/public_html/vendor/laravel/framework/src/Illuminate/Foundation/Http/Kernel.php(218): Illuminate\\Session\\Middleware\\StartSession->terminate(Object(Illuminate\\Http\\Request), Object(Illuminate\\Http\\RedirectResponse))
#6 /home/dealnotd/public_html/vendor/laravel/framework/src/Illuminate/Foundation/Http/Kernel.php(189): Illuminate\\Foundation\\Http\\Kernel->terminateMiddleware(Object(Illuminate\\Http\\Request), Object(Illuminate\\Http\\RedirectResponse))
#7 /home/dealnotd/public_html/public/main.php(64): Illuminate\\Foundation\\Http\\Kernel->terminate(Object(Illuminate\\Http\\Request), Object(Illuminate\\Http\\RedirectResponse))
#8 /home/dealnotd/public_html/public/index.php(53): require('/home/dealnotd/...')
#9 {main}
"} 
[2018-08-19 19:47:34] production.ERROR: file_put_contents(/home/dealnotd/public_html/storage/framework/sessions/CcKtAiksZ5XoCBbEKtGnr7CS8f3k1yEeteXzYHS3): failed to open stream: No such file or directory {"exception":"[object] (ErrorException(code: 0): file_put_contents(/home/dealnotd/public_html/storage/framework/sessions/CcKtAiksZ5XoCBbEKtGnr7CS8f3k1yEeteXzYHS3): failed to open stream: No such file or directory at /home/dealnotd/public_html/vendor/laravel/framework/src/Illuminate/Filesystem/Filesystem.php:122)
[stacktrace]
#0 [internal function]: Illuminate\\Foundation\\Bootstrap\\HandleExceptions->handleError(2, 'file_put_conten...', '/home/dealnotd/...', 122, Array)
#1 /home/dealnotd/public_html/vendor/laravel/framework/src/Illuminate/Filesystem/Filesystem.php(122): file_put_contents('/home/dealnotd/...', 'a:5:{s:6:\"_toke...', 2)
#2 /home/dealnotd/public_html/vendor/laravel/framework/src/Illuminate/Session/FileSessionHandler.php(83): Illuminate\\Filesystem\\Filesystem->put('/home/dealnotd/...', 'a:5:{s:6:\"_toke...', true)
#3 /home/dealnotd/public_html/vendor/laravel/framework/src/Illuminate/Session/Store.php(129): Illuminate\\Session\\FileSessionHandler->write('CcKtAiksZ5XoCBb...', 'a:5:{s:6:\"_toke...')
#4 /home/dealnotd/public_html/vendor/laravel/framework/src/Illuminate/Session/Middleware/StartSession.php(87): Illuminate\\Session\\Store->save()
#5 /home/dealnotd/public_html/vendor/laravel/framework/src/Illuminate/Foundation/Http/Kernel.php(218): Illuminate\\Session\\Middleware\\StartSession->terminate(Object(Illuminate\\Http\\Request), Object(Illuminate\\Http\\RedirectResponse))
#6 /home/dealnotd/public_html/vendor/laravel/framework/src/Illuminate/Foundation/Http/Kernel.php(189): Illuminate\\Foundation\\Http\\Kernel->terminateMiddleware(Object(Illuminate\\Http\\Request), Object(Illuminate\\Http\\RedirectResponse))
#7 /home/dealnotd/public_html/public/main.php(64): Illuminate\\Foundation\\Http\\Kernel->terminate(Object(Illuminate\\Http\\Request), Object(Illuminate\\Http\\RedirectResponse))
#8 /home/dealnotd/public_html/public/index.php(53): require('/home/dealnotd/...')
#9 {main}
"} 
[2018-08-19 19:47:35] production.ERROR: file_put_contents(/home/dealnotd/public_html/storage/framework/sessions/CcKtAiksZ5XoCBbEKtGnr7CS8f3k1yEeteXzYHS3): failed to open stream: No such file or directory {"exception":"[object] (ErrorException(code: 0): file_put_contents(/home/dealnotd/public_html/storage/framework/sessions/CcKtAiksZ5XoCBbEKtGnr7CS8f3k1yEeteXzYHS3): failed to open stream: No such file or directory at /home/dealnotd/public_html/vendor/laravel/framework/src/Illuminate/Filesystem/Filesystem.php:122)
[stacktrace]
#0 [internal function]: Illuminate\\Foundation\\Bootstrap\\HandleExceptions->handleError(2, 'file_put_conten...', '/home/dealnotd/...', 122, Array)
#1 /home/dealnotd/public_html/vendor/laravel/framework/src/Illuminate/Filesystem/Filesystem.php(122): file_put_contents('/home/dealnotd/...', 'a:3:{s:6:\"_toke...', 2)
#2 /home/dealnotd/public_html/vendor/laravel/framework/src/Illuminate/Session/FileSessionHandler.php(83): Illuminate\\Filesystem\\Filesystem->put('/home/dealnotd/...', 'a:3:{s:6:\"_toke...', true)
#3 /home/dealnotd/public_html/vendor/laravel/framework/src/Illuminate/Session/Store.php(129): Illuminate\\Session\\FileSessionHandler->write('CcKtAiksZ5XoCBb...', 'a:3:{s:6:\"_toke...')
#4 /home/dealnotd/public_html/vendor/laravel/framework/src/Illuminate/Session/Middleware/StartSession.php(87): Illuminate\\Session\\Store->save()
#5 /home/dealnotd/public_html/vendor/laravel/framework/src/Illuminate/Foundation/Http/Kernel.php(218): Illuminate\\Session\\Middleware\\StartSession->terminate(Object(Illuminate\\Http\\Request), Object(Illuminate\\Http\\RedirectResponse))
#6 /home/dealnotd/public_html/vendor/laravel/framework/src/Illuminate/Foundation/Http/Kernel.php(189): Illuminate\\Foundation\\Http\\Kernel->terminateMiddleware(Object(Illuminate\\Http\\Request), Object(Illuminate\\Http\\RedirectResponse))
#7 /home/dealnotd/public_html/public/main.php(64): Illuminate\\Foundation\\Http\\Kernel->terminate(Object(Illuminate\\Http\\Request), Object(Illuminate\\Http\\RedirectResponse))
#8 /home/dealnotd/public_html/public/index.php(53): require('/home/dealnotd/...')
#9 {main}
"} 
[2018-08-19 16:47:39] production.ERROR: file_put_contents(/home/dealnotd/public_html/storage/framework/sessions/CcKtAiksZ5XoCBbEKtGnr7CS8f3k1yEeteXzYHS3): failed to open stream: No such file or directory {"exception":"[object] (ErrorException(code: 0): file_put_contents(/home/dealnotd/public_html/storage/framework/sessions/CcKtAiksZ5XoCBbEKtGnr7CS8f3k1yEeteXzYHS3): failed to open stream: No such file or directory at /home/dealnotd/public_html/vendor/laravel/framework/src/Illuminate/Filesystem/Filesystem.php:122)
[stacktrace]
#0 [internal function]: Illuminate\\Foundation\\Bootstrap\\HandleExceptions->handleError(2, 'file_put_conten...', '/home/dealnotd/...', 122, Array)
#1 /home/dealnotd/public_html/vendor/laravel/framework/src/Illuminate/Filesystem/Filesystem.php(122): file_put_contents('/home/dealnotd/...', 'a:3:{s:6:\"_toke...', 2)
#2 /home/dealnotd/public_html/vendor/laravel/framework/src/Illuminate/Session/FileSessionHandler.php(83): Illuminate\\Filesystem\\Filesystem->put('/home/dealnotd/...', 'a:3:{s:6:\"_toke...', true)
#3 /home/dealnotd/public_html/vendor/laravel/framework/src/Illuminate/Session/Store.php(129): Illuminate\\Session\\FileSessionHandler->write('CcKtAiksZ5XoCBb...', 'a:3:{s:6:\"_toke...')
#4 /home/dealnotd/public_html/vendor/laravel/framework/src/Illuminate/Session/Middleware/StartSession.php(87): Illuminate\\Session\\Store->save()
#5 /home/dealnotd/public_html/vendor/laravel/framework/src/Illuminate/Foundation/Http/Kernel.php(218): Illuminate\\Session\\Middleware\\StartSession->terminate(Object(Illuminate\\Http\\Request), Object(Illuminate\\Http\\RedirectResponse))
#6 /home/dealnotd/public_html/vendor/laravel/framework/src/Illuminate/Foundation/Http/Kernel.php(189): Illuminate\\Foundation\\Http\\Kernel->terminateMiddleware(Object(Illuminate\\Http\\Request), Object(Illuminate\\Http\\RedirectResponse))
#7 /home/dealnotd/public_html/public/main.php(64): Illuminate\\Foundation\\Http\\Kernel->terminate(Object(Illuminate\\Http\\Request), Object(Illuminate\\Http\\RedirectResponse))
#8 /home/dealnotd/public_html/public/index.php(53): require('/home/dealnotd/...')
#9 {main}
"} 
[2018-08-19 19:47:40] production.ERROR: file_put_contents(/home/dealnotd/public_html/storage/framework/sessions/CcKtAiksZ5XoCBbEKtGnr7CS8f3k1yEeteXzYHS3): failed to open stream: No such file or directory {"exception":"[object] (ErrorException(code: 0): file_put_contents(/home/dealnotd/public_html/storage/framework/sessions/CcKtAiksZ5XoCBbEKtGnr7CS8f3k1yEeteXzYHS3): failed to open stream: No such file or directory at /home/dealnotd/public_html/vendor/laravel/framework/src/Illuminate/Filesystem/Filesystem.php:122)
[stacktrace]
#0 [internal function]: Illuminate\\Foundation\\Bootstrap\\HandleExceptions->handleError(2, 'file_put_conten...', '/home/dealnotd/...', 122, Array)
#1 /home/dealnotd/public_html/vendor/laravel/framework/src/Illuminate/Filesystem/Filesystem.php(122): file_put_contents('/home/dealnotd/...', 'a:3:{s:8:\"curre...', 2)
#2 /home/dealnotd/public_html/vendor/laravel/framework/src/Illuminate/Session/FileSessionHandler.php(83): Illuminate\\Filesystem\\Filesystem->put('/home/dealnotd/...', 'a:3:{s:8:\"curre...', true)
#3 /home/dealnotd/public_html/vendor/laravel/framework/src/Illuminate/Session/Store.php(129): Illuminate\\Session\\FileSessionHandler->write('CcKtAiksZ5XoCBb...', 'a:3:{s:8:\"curre...')
#4 /home/dealnotd/public_html/vendor/laravel/framework/src/Illuminate/Session/Middleware/StartSession.php(87): Illuminate\\Session\\Store->save()
#5 /home/dealnotd/public_html/vendor/laravel/framework/src/Illuminate/Foundation/Http/Kernel.php(218): Illuminate\\Session\\Middleware\\StartSession->terminate(Object(Illuminate\\Http\\Request), Object(Illuminate\\Http\\RedirectResponse))
#6 /home/dealnotd/public_html/vendor/laravel/framework/src/Illuminate/Foundation/Http/Kernel.php(189): Illuminate\\Foundation\\Http\\Kernel->terminateMiddleware(Object(Illuminate\\Http\\Request), Object(Illuminate\\Http\\RedirectResponse))
#7 /home/dealnotd/public_html/public/main.php(64): Illuminate\\Foundation\\Http\\Kernel->terminate(Object(Illuminate\\Http\\Request), Object(Illuminate\\Http\\RedirectResponse))
#8 /home/dealnotd/public_html/public/index.php(53): require('/home/dealnotd/...')
#9 {main}
"} 
[2018-08-19 16:47:44] production.ERROR: file_put_contents(/home/dealnotd/public_html/storage/framework/sessions/CcKtAiksZ5XoCBbEKtGnr7CS8f3k1yEeteXzYHS3): failed to open stream: No such file or directory {"exception":"[object] (ErrorException(code: 0): file_put_contents(/home/dealnotd/public_html/storage/framework/sessions/CcKtAiksZ5XoCBbEKtGnr7CS8f3k1yEeteXzYHS3): failed to open stream: No such file or directory at /home/dealnotd/public_html/vendor/laravel/framework/src/Illuminate/Filesystem/Filesystem.php:122)
[stacktrace]
#0 [internal function]: Illuminate\\Foundation\\Bootstrap\\HandleExceptions->handleError(2, 'file_put_conten...', '/home/dealnotd/...', 122, Array)
#1 /home/dealnotd/public_html/vendor/laravel/framework/src/Illuminate/Filesystem/Filesystem.php(122): file_put_contents('/home/dealnotd/...', 'a:4:{s:6:\"_toke...', 2)
#2 /home/dealnotd/public_html/vendor/laravel/framework/src/Illuminate/Session/FileSessionHandler.php(83): Illuminate\\Filesystem\\Filesystem->put('/home/dealnotd/...', 'a:4:{s:6:\"_toke...', true)
#3 /home/dealnotd/public_html/vendor/laravel/framework/src/Illuminate/Session/Store.php(129): Illuminate\\Session\\FileSessionHandler->write('CcKtAiksZ5XoCBb...', 'a:4:{s:6:\"_toke...')
#4 /home/dealnotd/public_html/vendor/laravel/framework/src/Illuminate/Session/Middleware/StartSession.php(87): Illuminate\\Session\\Store->save()
#5 /home/dealnotd/public_html/vendor/laravel/framework/src/Illuminate/Foundation/Http/Kernel.php(218): Illuminate\\Session\\Middleware\\StartSession->terminate(Object(Illuminate\\Http\\Request), Object(Illuminate\\Http\\RedirectResponse))
#6 /home/dealnotd/public_html/vendor/laravel/framework/src/Illuminate/Foundation/Http/Kernel.php(189): Illuminate\\Foundation\\Http\\Kernel->terminateMiddleware(Object(Illuminate\\Http\\Request), Object(Illuminate\\Http\\RedirectResponse))
#7 /home/dealnotd/public_html/public/main.php(64): Illuminate\\Foundation\\Http\\Kernel->terminate(Object(Illuminate\\Http\\Request), Object(Illuminate\\Http\\RedirectResponse))
#8 /home/dealnotd/public_html/public/index.php(53): require('/home/dealnotd/...')
#9 {main}
"} 
[2018-08-19 16:47:48] production.ERROR: file_put_contents(/home/dealnotd/public_html/storage/framework/sessions/CcKtAiksZ5XoCBbEKtGnr7CS8f3k1yEeteXzYHS3): failed to open stream: No such file or directory {"exception":"[object] (ErrorException(code: 0): file_put_contents(/home/dealnotd/public_html/storage/framework/sessions/CcKtAiksZ5XoCBbEKtGnr7CS8f3k1yEeteXzYHS3): failed to open stream: No such file or directory at /home/dealnotd/public_html/vendor/laravel/framework/src/Illuminate/Filesystem/Filesystem.php:122)
[stacktrace]
#0 [internal function]: Illuminate\\Foundation\\Bootstrap\\HandleExceptions->handleError(2, 'file_put_conten...', '/home/dealnotd/...', 122, Array)
#1 /home/dealnotd/public_html/vendor/laravel/framework/src/Illuminate/Filesystem/Filesystem.php(122): file_put_contents('/home/dealnotd/...', 'a:4:{s:6:\"_toke...', 2)
#2 /home/dealnotd/public_html/vendor/laravel/framework/src/Illuminate/Session/FileSessionHandler.php(83): Illuminate\\Filesystem\\Filesystem->put('/home/dealnotd/...', 'a:4:{s:6:\"_toke...', true)
#3 /home/dealnotd/public_html/vendor/laravel/framework/src/Illuminate/Session/Store.php(129): Illuminate\\Session\\FileSessionHandler->write('CcKtAiksZ5XoCBb...', 'a:4:{s:6:\"_toke...')
#4 /home/dealnotd/public_html/vendor/laravel/framework/src/Illuminate/Session/Middleware/StartSession.php(87): Illuminate\\Session\\Store->save()
#5 /home/dealnotd/public_html/vendor/laravel/framework/src/Illuminate/Foundation/Http/Kernel.php(218): Illuminate\\Session\\Middleware\\StartSession->terminate(Object(Illuminate\\Http\\Request), Object(Illuminate\\Http\\RedirectResponse))
#6 /home/dealnotd/public_html/vendor/laravel/framework/src/Illuminate/Foundation/Http/Kernel.php(189): Illuminate\\Foundation\\Http\\Kernel->terminateMiddleware(Object(Illuminate\\Http\\Request), Object(Illuminate\\Http\\RedirectResponse))
#7 /home/dealnotd/public_html/public/main.php(64): Illuminate\\Foundation\\Http\\Kernel->terminate(Object(Illuminate\\Http\\Request), Object(Illuminate\\Http\\RedirectResponse))
#8 /home/dealnotd/public_html/public/index.php(53): require('/home/dealnotd/...')
#9 {main}
"} 
[2018-08-19 16:47:53] production.ERROR: file_put_contents(/home/dealnotd/public_html/storage/framework/sessions/CcKtAiksZ5XoCBbEKtGnr7CS8f3k1yEeteXzYHS3): failed to open stream: No such file or directory {"exception":"[object] (ErrorException(code: 0): file_put_contents(/home/dealnotd/public_html/storage/framework/sessions/CcKtAiksZ5XoCBbEKtGnr7CS8f3k1yEeteXzYHS3): failed to open stream: No such file or directory at /home/dealnotd/public_html/vendor/laravel/framework/src/Illuminate/Filesystem/Filesystem.php:122)
[stacktrace]
#0 [internal function]: Illuminate\\Foundation\\Bootstrap\\HandleExceptions->handleError(2, 'file_put_conten...', '/home/dealnotd/...', 122, Array)
#1 /home/dealnotd/public_html/vendor/laravel/framework/src/Illuminate/Filesystem/Filesystem.php(122): file_put_contents('/home/dealnotd/...', 'a:4:{s:6:\"_toke...', 2)
#2 /home/dealnotd/public_html/vendor/laravel/framework/src/Illuminate/Session/FileSessionHandler.php(83): Illuminate\\Filesystem\\Filesystem->put('/home/dealnotd/...', 'a:4:{s:6:\"_toke...', true)
#3 /home/dealnotd/public_html/vendor/laravel/framework/src/Illuminate/Session/Store.php(129): Illuminate\\Session\\FileSessionHandler->write('CcKtAiksZ5XoCBb...', 'a:4:{s:6:\"_toke...')
#4 /home/dealnotd/public_html/vendor/laravel/framework/src/Illuminate/Session/Middleware/StartSession.php(87): Illuminate\\Session\\Store->save()
#5 /home/dealnotd/public_html/vendor/laravel/framework/src/Illuminate/Foundation/Http/Kernel.php(218): Illuminate\\Session\\Middleware\\StartSession->terminate(Object(Illuminate\\Http\\Request), Object(Illuminate\\Http\\RedirectResponse))
#6 /home/dealnotd/public_html/vendor/laravel/framework/src/Illuminate/Foundation/Http/Kernel.php(189): Illuminate\\Foundation\\Http\\Kernel->terminateMiddleware(Object(Illuminate\\Http\\Request), Object(Illuminate\\Http\\RedirectResponse))
#7 /home/dealnotd/public_html/public/main.php(64): Illuminate\\Foundation\\Http\\Kernel->terminate(Object(Illuminate\\Http\\Request), Object(Illuminate\\Http\\RedirectResponse))
#8 /home/dealnotd/public_html/public/index.php(53): require('/home/dealnotd/...')
#9 {main}
"} 
[2018-08-19 19:47:56] production.ERROR: file_put_contents(/home/dealnotd/public_html/storage/framework/sessions/lVfizg8mAtdj0FjNRgGhYamrY5atGCDHefNMYzu6): failed to open stream: No such file or directory {"exception":"[object] (ErrorException(code: 0): file_put_contents(/home/dealnotd/public_html/storage/framework/sessions/lVfizg8mAtdj0FjNRgGhYamrY5atGCDHefNMYzu6): failed to open stream: No such file or directory at /home/dealnotd/public_html/vendor/laravel/framework/src/Illuminate/Filesystem/Filesystem.php:122)
[stacktrace]
#0 [internal function]: Illuminate\\Foundation\\Bootstrap\\HandleExceptions->handleError(2, 'file_put_conten...', '/home/dealnotd/...', 122, Array)
#1 /home/dealnotd/public_html/vendor/laravel/framework/src/Illuminate/Filesystem/Filesystem.php(122): file_put_contents('/home/dealnotd/...', 'a:5:{s:8:\"curre...', 2)
#2 /home/dealnotd/public_html/vendor/laravel/framework/src/Illuminate/Session/FileSessionHandler.php(83): Illuminate\\Filesystem\\Filesystem->put('/home/dealnotd/...', 'a:5:{s:8:\"curre...', true)
#3 /home/dealnotd/public_html/vendor/laravel/framework/src/Illuminate/Session/Store.php(129): Illuminate\\Session\\FileSessionHandler->write('lVfizg8mAtdj0Fj...', 'a:5:{s:8:\"curre...')
#4 /home/dealnotd/public_html/vendor/laravel/framework/src/Illuminate/Session/Middleware/StartSession.php(87): Illuminate\\Session\\Store->save()
#5 /home/dealnotd/public_html/vendor/laravel/framework/src/Illuminate/Foundation/Http/Kernel.php(218): Illuminate\\Session\\Middleware\\StartSession->terminate(Object(Illuminate\\Http\\Request), Object(Illuminate\\Http\\RedirectResponse))
#6 /home/dealnotd/public_html/vendor/laravel/framework/src/Illuminate/Foundation/Http/Kernel.php(189): Illuminate\\Foundation\\Http\\Kernel->terminateMiddleware(Object(Illuminate\\Http\\Request), Object(Illuminate\\Http\\RedirectResponse))
#7 /home/dealnotd/public_html/public/main.php(64): Illuminate\\Foundation\\Http\\Kernel->terminate(Object(Illuminate\\Http\\Request), Object(Illuminate\\Http\\RedirectResponse))
#8 /home/dealnotd/public_html/public/index.php(53): require('/home/dealnotd/...')
#9 {main}
"} 
[2018-08-19 19:47:56] production.ERROR: Please provide a valid cache path. {"exception":"[object] (InvalidArgumentException(code: 0): Please provide a valid cache path. at /home/dealnotd/public_html/vendor/laravel/framework/src/Illuminate/View/Compilers/Compiler.php:36)
[stacktrace]
#0 /home/dealnotd/public_html/vendor/laravel/framework/src/Illuminate/View/ViewServiceProvider.php(141): Illuminate\\View\\Compilers\\Compiler->__construct(Object(Illuminate\\Filesystem\\Filesystem), false)
#1 /home/dealnotd/public_html/vendor/laravel/framework/src/Illuminate/Container/Container.php(764): Illuminate\\View\\ViewServiceProvider->Illuminate\\View\\{closure}(Object(Illuminate\\Foundation\\Application), Array)
#2 /home/dealnotd/public_html/vendor/laravel/framework/src/Illuminate/Container/Container.php(646): Illuminate\\Container\\Container->build(Object(Closure))
#3 /home/dealnotd/public_html/vendor/laravel/framework/src/Illuminate/Container/Container.php(601): Illuminate\\Container\\Container->resolve('blade.compiler', Array)
#4 /home/dealnotd/public_html/vendor/laravel/framework/src/Illuminate/Foundation/Application.php(734): Illuminate\\Container\\Container->make('blade.compiler', Array)
#5 /home/dealnotd/public_html/vendor/laravel/framework/src/Illuminate/Container/Container.php(1210): Illuminate\\Foundation\\Application->make('blade.compiler')
#6 /home/dealnotd/public_html/vendor/laravel/framework/src/Illuminate/View/ViewServiceProvider.php(146): Illuminate\\Container\\Container->offsetGet('blade.compiler')
#7 [internal function]: Illuminate\\View\\ViewServiceProvider->Illuminate\\View\\{closure}()
#8 /home/dealnotd/public_html/vendor/laravel/framework/src/Illuminate/View/Engines/EngineResolver.php(54): call_user_func(Object(Closure))
#9 /home/dealnotd/public_html/vendor/laravel/framework/src/Illuminate/View/Factory.php(284): Illuminate\\View\\Engines\\EngineResolver->resolve('blade')
#10 /home/dealnotd/public_html/vendor/laravel/framework/src/Illuminate/View/Factory.php(248): Illuminate\\View\\Factory->getEngineFromPath('/home/dealnotd/...')
#11 /home/dealnotd/public_html/vendor/laravel/framework/src/Illuminate/View/Factory.php(136): Illuminate\\View\\Factory->viewInstance('errors::404', '/home/dealnotd/...', Array)
#12 /home/dealnotd/public_html/vendor/laravel/framework/src/Illuminate/Routing/ResponseFactory.php(69): Illuminate\\View\\Factory->make('errors::404', Array)
#13 /home/dealnotd/public_html/vendor/laravel/framework/src/Illuminate/Foundation/Exceptions/Handler.php(379): Illuminate\\Routing\\ResponseFactory->view('errors::404', Array, 404, Array)
#14 /home/dealnotd/public_html/app/Exceptions/Handler.php(132): Illuminate\\Foundation\\Exceptions\\Handler->renderHttpException(Object(Symfony\\Component\\HttpKernel\\Exception\\NotFoundHttpException))
#15 /home/dealnotd/public_html/vendor/laravel/framework/src/Illuminate/Routing/Pipeline.php(83): App\\Exceptions\\Handler->render(Object(Illuminate\\Http\\Request), Object(Symfony\\Component\\HttpKernel\\Exception\\NotFoundHttpException))
#16 /home/dealnotd/public_html/vendor/laravel/framework/src/Illuminate/Routing/Pipeline.php(32): Illuminate\\Routing\\Pipeline->handleException(Object(Illuminate\\Http\\Request), Object(Symfony\\Component\\HttpKernel\\Exception\\NotFoundHttpException))
#17 /home/dealnotd/public_html/vendor/fideloper/proxy/src/TrustProxies.php(57): Illuminate\\Routing\\Pipeline->Illuminate\\Routing\\{closure}(Object(Illuminate\\Http\\Request))
#18 /home/dealnotd/public_html/vendor/laravel/framework/src/Illuminate/Pipeline/Pipeline.php(149): Fideloper\\Proxy\\TrustProxies->handle(Object(Illuminate\\Http\\Request), Object(Closure))
#19 /home/dealnotd/public_html/vendor/laravel/framework/src/Illuminate/Routing/Pipeline.php(53): Illuminate\\Pipeline\\Pipeline->Illuminate\\Pipeline\\{closure}(Object(Illuminate\\Http\\Request))
#20 /home/dealnotd/public_html/vendor/laravel/framework/src/Illuminate/Foundation/Http/Middleware/TransformsRequest.php(30): Illuminate\\Routing\\Pipeline->Illuminate\\Routing\\{closure}(Object(Illuminate\\Http\\Request))
#21 /home/dealnotd/public_html/vendor/laravel/framework/src/Illuminate/Pipeline/Pipeline.php(149): Illuminate\\Foundation\\Http\\Middleware\\TransformsRequest->handle(Object(Illuminate\\Http\\Request), Object(Closure))
#22 /home/dealnotd/public_html/vendor/laravel/framework/src/Illuminate/Routing/Pipeline.php(53): Illuminate\\Pipeline\\Pipeline->Illuminate\\Pipeline\\{closure}(Object(Illuminate\\Http\\Request))
#23 /home/dealnotd/public_html/vendor/laravel/framework/src/Illuminate/Foundation/Http/Middleware/TransformsRequest.php(30): Illuminate\\Routing\\Pipeline->Illuminate\\Routing\\{closure}(Object(Illuminate\\Http\\Request))
#24 /home/dealnotd/public_html/vendor/laravel/framework/src/Illuminate/Pipeline/Pipeline.php(149): Illuminate\\Foundation\\Http\\Middleware\\TransformsRequest->handle(Object(Illuminate\\Http\\Request), Object(Closure))
#25 /home/dealnotd/public_html/vendor/laravel/framework/src/Illuminate/Routing/Pipeline.php(53): Illuminate\\Pipeline\\Pipeline->Illuminate\\Pipeline\\{closure}(Object(Illuminate\\Http\\Request))
#26 /home/dealnotd/public_html/vendor/laravel/framework/src/Illuminate/Foundation/Http/Middleware/ValidatePostSize.php(27): Illuminate\\Routing\\Pipeline->Illuminate\\Routing\\{closure}(Object(Illuminate\\Http\\Request))
#27 /home/dealnotd/public_html/vendor/laravel/framework/src/Illuminate/Pipeline/Pipeline.php(149): Illuminate\\Foundation\\Http\\Middleware\\ValidatePostSize->handle(Object(Illuminate\\Http\\Request), Object(Closure))
#28 /home/dealnotd/public_html/vendor/laravel/framework/src/Illuminate/Routing/Pipeline.php(53): Illuminate\\Pipeline\\Pipeline->Illuminate\\Pipeline\\{closure}(Object(Illuminate\\Http\\Request))
#29 /home/dealnotd/public_html/app/Http/Middleware/CheckForMaintenanceMode.php(70): Illuminate\\Routing\\Pipeline->Illuminate\\Routing\\{closure}(Object(Illuminate\\Http\\Request))
#30 /home/dealnotd/public_html/vendor/laravel/framework/src/Illuminate/Pipeline/Pipeline.php(149): App\\Http\\Middleware\\CheckForMaintenanceMode->handle(Object(Illuminate\\Http\\Request), Object(Closure))
#31 /home/dealnotd/public_html/vendor/laravel/framework/src/Illuminate/Routing/Pipeline.php(53): Illuminate\\Pipeline\\Pipeline->Illuminate\\Pipeline\\{closure}(Object(Illuminate\\Http\\Request))
#32 /home/dealnotd/public_html/vendor/laravel/framework/src/Illuminate/Pipeline/Pipeline.php(102): Illuminate\\Routing\\Pipeline->Illuminate\\Routing\\{closure}(Object(Illuminate\\Http\\Request))
#33 /home/dealnotd/public_html/vendor/laravel/framework/src/Illuminate/Foundation/Http/Kernel.php(151): Illuminate\\Pipeline\\Pipeline->then(Object(Closure))
#34 /home/dealnotd/public_html/vendor/laravel/framework/src/Illuminate/Foundation/Http/Kernel.php(116): Illuminate\\Foundation\\Http\\Kernel->sendRequestThroughRouter(Object(Illuminate\\Http\\Request))
#35 /home/dealnotd/public_html/public/main.php(59): Illuminate\\Foundation\\Http\\Kernel->handle(Object(Illuminate\\Http\\Request))
#36 /home/dealnotd/public_html/public/index.php(53): require('/home/dealnotd/...')
#37 {main}
"} 
[2018-08-19 16:47:58] production.ERROR: file_put_contents(/home/dealnotd/public_html/storage/framework/sessions/CcKtAiksZ5XoCBbEKtGnr7CS8f3k1yEeteXzYHS3): failed to open stream: No such file or directory {"exception":"[object] (ErrorException(code: 0): file_put_contents(/home/dealnotd/public_html/storage/framework/sessions/CcKtAiksZ5XoCBbEKtGnr7CS8f3k1yEeteXzYHS3): failed to open stream: No such file or directory at /home/dealnotd/public_html/vendor/laravel/framework/src/Illuminate/Filesystem/Filesystem.php:122)
[stacktrace]
#0 [internal function]: Illuminate\\Foundation\\Bootstrap\\HandleExceptions->handleError(2, 'file_put_conten...', '/home/dealnotd/...', 122, Array)
#1 /home/dealnotd/public_html/vendor/laravel/framework/src/Illuminate/Filesystem/Filesystem.php(122): file_put_contents('/home/dealnotd/...', 'a:4:{s:6:\"_toke...', 2)
#2 /home/dealnotd/public_html/vendor/laravel/framework/src/Illuminate/Session/FileSessionHandler.php(83): Illuminate\\Filesystem\\Filesystem->put('/home/dealnotd/...', 'a:4:{s:6:\"_toke...', true)
#3 /home/dealnotd/public_html/vendor/laravel/framework/src/Illuminate/Session/Store.php(129): Illuminate\\Session\\FileSessionHandler->write('CcKtAiksZ5XoCBb...', 'a:4:{s:6:\"_toke...')
#4 /home/dealnotd/public_html/vendor/laravel/framework/src/Illuminate/Session/Middleware/StartSession.php(87): Illuminate\\Session\\Store->save()
#5 /home/dealnotd/public_html/vendor/laravel/framework/src/Illuminate/Foundation/Http/Kernel.php(218): Illuminate\\Session\\Middleware\\StartSession->terminate(Object(Illuminate\\Http\\Request), Object(Illuminate\\Http\\RedirectResponse))
#6 /home/dealnotd/public_html/vendor/laravel/framework/src/Illuminate/Foundation/Http/Kernel.php(189): Illuminate\\Foundation\\Http\\Kernel->terminateMiddleware(Object(Illuminate\\Http\\Request), Object(Illuminate\\Http\\RedirectResponse))
#7 /home/dealnotd/public_html/public/main.php(64): Illuminate\\Foundation\\Http\\Kernel->terminate(Object(Illuminate\\Http\\Request), Object(Illuminate\\Http\\RedirectResponse))
#8 /home/dealnotd/public_html/public/index.php(53): require('/home/dealnotd/...')
#9 {main}
"} 
[2018-08-19 16:48:03] production.ERROR: file_put_contents(/home/dealnotd/public_html/storage/framework/sessions/CcKtAiksZ5XoCBbEKtGnr7CS8f3k1yEeteXzYHS3): failed to open stream: No such file or directory {"exception":"[object] (ErrorException(code: 0): file_put_contents(/home/dealnotd/public_html/storage/framework/sessions/CcKtAiksZ5XoCBbEKtGnr7CS8f3k1yEeteXzYHS3): failed to open stream: No such file or directory at /home/dealnotd/public_html/vendor/laravel/framework/src/Illuminate/Filesystem/Filesystem.php:122)
[stacktrace]
#0 [internal function]: Illuminate\\Foundation\\Bootstrap\\HandleExceptions->handleError(2, 'file_put_conten...', '/home/dealnotd/...', 122, Array)
#1 /home/dealnotd/public_html/vendor/laravel/framework/src/Illuminate/Filesystem/Filesystem.php(122): file_put_contents('/home/dealnotd/...', 'a:4:{s:6:\"_toke...', 2)
#2 /home/dealnotd/public_html/vendor/laravel/framework/src/Illuminate/Session/FileSessionHandler.php(83): Illuminate\\Filesystem\\Filesystem->put('/home/dealnotd/...', 'a:4:{s:6:\"_toke...', true)
#3 /home/dealnotd/public_html/vendor/laravel/framework/src/Illuminate/Session/Store.php(129): Illuminate\\Session\\FileSessionHandler->write('CcKtAiksZ5XoCBb...', 'a:4:{s:6:\"_toke...')
#4 /home/dealnotd/public_html/vendor/laravel/framework/src/Illuminate/Session/Middleware/StartSession.php(87): Illuminate\\Session\\Store->save()
#5 /home/dealnotd/public_html/vendor/laravel/framework/src/Illuminate/Foundation/Http/Kernel.php(218): Illuminate\\Session\\Middleware\\StartSession->terminate(Object(Illuminate\\Http\\Request), Object(Illuminate\\Http\\RedirectResponse))
#6 /home/dealnotd/public_html/vendor/laravel/framework/src/Illuminate/Foundation/Http/Kernel.php(189): Illuminate\\Foundation\\Http\\Kernel->terminateMiddleware(Object(Illuminate\\Http\\Request), Object(Illuminate\\Http\\RedirectResponse))
#7 /home/dealnotd/public_html/public/main.php(64): Illuminate\\Foundation\\Http\\Kernel->terminate(Object(Illuminate\\Http\\Request), Object(Illuminate\\Http\\RedirectResponse))
#8 /home/dealnotd/public_html/public/index.php(53): require('/home/dealnotd/...')
#9 {main}
"} 
[2018-08-19 16:48:08] production.ERROR: file_put_contents(/home/dealnotd/public_html/storage/framework/sessions/CcKtAiksZ5XoCBbEKtGnr7CS8f3k1yEeteXzYHS3): failed to open stream: No such file or directory {"exception":"[object] (ErrorException(code: 0): file_put_contents(/home/dealnotd/public_html/storage/framework/sessions/CcKtAiksZ5XoCBbEKtGnr7CS8f3k1yEeteXzYHS3): failed to open stream: No such file or directory at /home/dealnotd/public_html/vendor/laravel/framework/src/Illuminate/Filesystem/Filesystem.php:122)
[stacktrace]
#0 [internal function]: Illuminate\\Foundation\\Bootstrap\\HandleExceptions->handleError(2, 'file_put_conten...', '/home/dealnotd/...', 122, Array)
#1 /home/dealnotd/public_html/vendor/laravel/framework/src/Illuminate/Filesystem/Filesystem.php(122): file_put_contents('/home/dealnotd/...', 'a:4:{s:6:\"_toke...', 2)
#2 /home/dealnotd/public_html/vendor/laravel/framework/src/Illuminate/Session/FileSessionHandler.php(83): Illuminate\\Filesystem\\Filesystem->put('/home/dealnotd/...', 'a:4:{s:6:\"_toke...', true)
#3 /home/dealnotd/public_html/vendor/laravel/framework/src/Illuminate/Session/Store.php(129): Illuminate\\Session\\FileSessionHandler->write('CcKtAiksZ5XoCBb...', 'a:4:{s:6:\"_toke...')
#4 /home/dealnotd/public_html/vendor/laravel/framework/src/Illuminate/Session/Middleware/StartSession.php(87): Illuminate\\Session\\Store->save()
#5 /home/dealnotd/public_html/vendor/laravel/framework/src/Illuminate/Foundation/Http/Kernel.php(218): Illuminate\\Session\\Middleware\\StartSession->terminate(Object(Illuminate\\Http\\Request), Object(Illuminate\\Http\\RedirectResponse))
#6 /home/dealnotd/public_html/vendor/laravel/framework/src/Illuminate/Foundation/Http/Kernel.php(189): Illuminate\\Foundation\\Http\\Kernel->terminateMiddleware(Object(Illuminate\\Http\\Request), Object(Illuminate\\Http\\RedirectResponse))
#7 /home/dealnotd/public_html/public/main.php(64): Illuminate\\Foundation\\Http\\Kernel->terminate(Object(Illuminate\\Http\\Request), Object(Illuminate\\Http\\RedirectResponse))
#8 /home/dealnotd/public_html/public/index.php(53): require('/home/dealnotd/...')
#9 {main}
"} 
[2018-08-19 16:48:13] production.ERROR: file_put_contents(/home/dealnotd/public_html/storage/framework/sessions/CcKtAiksZ5XoCBbEKtGnr7CS8f3k1yEeteXzYHS3): failed to open stream: No such file or directory {"exception":"[object] (ErrorException(code: 0): file_put_contents(/home/dealnotd/public_html/storage/framework/sessions/CcKtAiksZ5XoCBbEKtGnr7CS8f3k1yEeteXzYHS3): failed to open stream: No such file or directory at /home/dealnotd/public_html/vendor/laravel/framework/src/Illuminate/Filesystem/Filesystem.php:122)
[stacktrace]
#0 [internal function]: Illuminate\\Foundation\\Bootstrap\\HandleExceptions->handleError(2, 'file_put_conten...', '/home/dealnotd/...', 122, Array)
#1 /home/dealnotd/public_html/vendor/laravel/framework/src/Illuminate/Filesystem/Filesystem.php(122): file_put_contents('/home/dealnotd/...', 'a:4:{s:6:\"_toke...', 2)
#2 /home/dealnotd/public_html/vendor/laravel/framework/src/Illuminate/Session/FileSessionHandler.php(83): Illuminate\\Filesystem\\Filesystem->put('/home/dealnotd/...', 'a:4:{s:6:\"_toke...', true)
#3 /home/dealnotd/public_html/vendor/laravel/framework/src/Illuminate/Session/Store.php(129): Illuminate\\Session\\FileSessionHandler->write('CcKtAiksZ5XoCBb...', 'a:4:{s:6:\"_toke...')
#4 /home/dealnotd/public_html/vendor/laravel/framework/src/Illuminate/Session/Middleware/StartSession.php(87): Illuminate\\Session\\Store->save()
#5 /home/dealnotd/public_html/vendor/laravel/framework/src/Illuminate/Foundation/Http/Kernel.php(218): Illuminate\\Session\\Middleware\\StartSession->terminate(Object(Illuminate\\Http\\Request), Object(Illuminate\\Http\\RedirectResponse))
#6 /home/dealnotd/public_html/vendor/laravel/framework/src/Illuminate/Foundation/Http/Kernel.php(189): Illuminate\\Foundation\\Http\\Kernel->terminateMiddleware(Object(Illuminate\\Http\\Request), Object(Illuminate\\Http\\RedirectResponse))
#7 /home/dealnotd/public_html/public/main.php(64): Illuminate\\Foundation\\Http\\Kernel->terminate(Object(Illuminate\\Http\\Request), Object(Illuminate\\Http\\RedirectResponse))
#8 /home/dealnotd/public_html/public/index.php(53): require('/home/dealnotd/...')
#9 {main}
"} 
[2018-08-19 16:48:17] production.ERROR: file_put_contents(/home/dealnotd/public_html/storage/framework/sessions/CcKtAiksZ5XoCBbEKtGnr7CS8f3k1yEeteXzYHS3): failed to open stream: No such file or directory {"exception":"[object] (ErrorException(code: 0): file_put_contents(/home/dealnotd/public_html/storage/framework/sessions/CcKtAiksZ5XoCBbEKtGnr7CS8f3k1yEeteXzYHS3): failed to open stream: No such file or directory at /home/dealnotd/public_html/vendor/laravel/framework/src/Illuminate/Filesystem/Filesystem.php:122)
[stacktrace]
#0 [internal function]: Illuminate\\Foundation\\Bootstrap\\HandleExceptions->handleError(2, 'file_put_conten...', '/home/dealnotd/...', 122, Array)
#1 /home/dealnotd/public_html/vendor/laravel/framework/src/Illuminate/Filesystem/Filesystem.php(122): file_put_contents('/home/dealnotd/...', 'a:4:{s:6:\"_toke...', 2)
#2 /home/dealnotd/public_html/vendor/laravel/framework/src/Illuminate/Session/FileSessionHandler.php(83): Illuminate\\Filesystem\\Filesystem->put('/home/dealnotd/...', 'a:4:{s:6:\"_toke...', true)
#3 /home/dealnotd/public_html/vendor/laravel/framework/src/Illuminate/Session/Store.php(129): Illuminate\\Session\\FileSessionHandler->write('CcKtAiksZ5XoCBb...', 'a:4:{s:6:\"_toke...')
#4 /home/dealnotd/public_html/vendor/laravel/framework/src/Illuminate/Session/Middleware/StartSession.php(87): Illuminate\\Session\\Store->save()
#5 /home/dealnotd/public_html/vendor/laravel/framework/src/Illuminate/Foundation/Http/Kernel.php(218): Illuminate\\Session\\Middleware\\StartSession->terminate(Object(Illuminate\\Http\\Request), Object(Illuminate\\Http\\RedirectResponse))
#6 /home/dealnotd/public_html/vendor/laravel/framework/src/Illuminate/Foundation/Http/Kernel.php(189): Illuminate\\Foundation\\Http\\Kernel->terminateMiddleware(Object(Illuminate\\Http\\Request), Object(Illuminate\\Http\\RedirectResponse))
#7 /home/dealnotd/public_html/public/main.php(64): Illuminate\\Foundation\\Http\\Kernel->terminate(Object(Illuminate\\Http\\Request), Object(Illuminate\\Http\\RedirectResponse))
#8 /home/dealnotd/public_html/public/index.php(53): require('/home/dealnotd/...')
#9 {main}
"} 
[2018-08-19 19:48:18] production.ERROR: file_put_contents(/home/dealnotd/public_html/storage/framework/sessions/f5HZRRRE7kFcCYZ43V9cHXo00l3k1DPrKMvI7Tfc): failed to open stream: No such file or directory {"exception":"[object] (ErrorException(code: 0): file_put_contents(/home/dealnotd/public_html/storage/framework/sessions/f5HZRRRE7kFcCYZ43V9cHXo00l3k1DPrKMvI7Tfc): failed to open stream: No such file or directory at /home/dealnotd/public_html/vendor/laravel/framework/src/Illuminate/Filesystem/Filesystem.php:122)
[stacktrace]
#0 [internal function]: Illuminate\\Foundation\\Bootstrap\\HandleExceptions->handleError(2, 'file_put_conten...', '/home/dealnotd/...', 122, Array)
#1 /home/dealnotd/public_html/vendor/laravel/framework/src/Illuminate/Filesystem/Filesystem.php(122): file_put_contents('/home/dealnotd/...', 'a:4:{s:8:\"curre...', 2)
#2 /home/dealnotd/public_html/vendor/laravel/framework/src/Illuminate/Session/FileSessionHandler.php(83): Illuminate\\Filesystem\\Filesystem->put('/home/dealnotd/...', 'a:4:{s:8:\"curre...', true)
#3 /home/dealnotd/public_html/vendor/laravel/framework/src/Illuminate/Session/Store.php(129): Illuminate\\Session\\FileSessionHandler->write('f5HZRRRE7kFcCYZ...', 'a:4:{s:8:\"curre...')
#4 /home/dealnotd/public_html/vendor/laravel/framework/src/Illuminate/Session/Middleware/StartSession.php(87): Illuminate\\Session\\Store->save()
#5 /home/dealnotd/public_html/vendor/laravel/framework/src/Illuminate/Foundation/Http/Kernel.php(218): Illuminate\\Session\\Middleware\\StartSession->terminate(Object(Illuminate\\Http\\Request), Object(Illuminate\\Http\\RedirectResponse))
#6 /home/dealnotd/public_html/vendor/laravel/framework/src/Illuminate/Foundation/Http/Kernel.php(189): Illuminate\\Foundation\\Http\\Kernel->terminateMiddleware(Object(Illuminate\\Http\\Request), Object(Illuminate\\Http\\RedirectResponse))
#7 /home/dealnotd/public_html/public/main.php(64): Illuminate\\Foundation\\Http\\Kernel->terminate(Object(Illuminate\\Http\\Request), Object(Illuminate\\Http\\RedirectResponse))
#8 /home/dealnotd/public_html/public/index.php(53): require('/home/dealnotd/...')
#9 {main}
"} 
[2018-08-19 16:48:22] production.ERROR: file_put_contents(/home/dealnotd/public_html/storage/framework/sessions/CcKtAiksZ5XoCBbEKtGnr7CS8f3k1yEeteXzYHS3): failed to open stream: No such file or directory {"exception":"[object] (ErrorException(code: 0): file_put_contents(/home/dealnotd/public_html/storage/framework/sessions/CcKtAiksZ5XoCBbEKtGnr7CS8f3k1yEeteXzYHS3): failed to open stream: No such file or directory at /home/dealnotd/public_html/vendor/laravel/framework/src/Illuminate/Filesystem/Filesystem.php:122)
[stacktrace]
#0 [internal function]: Illuminate\\Foundation\\Bootstrap\\HandleExceptions->handleError(2, 'file_put_conten...', '/home/dealnotd/...', 122, Array)
#1 /home/dealnotd/public_html/vendor/laravel/framework/src/Illuminate/Filesystem/Filesystem.php(122): file_put_contents('/home/dealnotd/...', 'a:4:{s:6:\"_toke...', 2)
#2 /home/dealnotd/public_html/vendor/laravel/framework/src/Illuminate/Session/FileSessionHandler.php(83): Illuminate\\Filesystem\\Filesystem->put('/home/dealnotd/...', 'a:4:{s:6:\"_toke...', true)
#3 /home/dealnotd/public_html/vendor/laravel/framework/src/Illuminate/Session/Store.php(129): Illuminate\\Session\\FileSessionHandler->write('CcKtAiksZ5XoCBb...', 'a:4:{s:6:\"_toke...')
#4 /home/dealnotd/public_html/vendor/laravel/framework/src/Illuminate/Session/Middleware/StartSession.php(87): Illuminate\\Session\\Store->save()
#5 /home/dealnotd/public_html/vendor/laravel/framework/src/Illuminate/Foundation/Http/Kernel.php(218): Illuminate\\Session\\Middleware\\StartSession->terminate(Object(Illuminate\\Http\\Request), Object(Illuminate\\Http\\RedirectResponse))
#6 /home/dealnotd/public_html/vendor/laravel/framework/src/Illuminate/Foundation/Http/Kernel.php(189): Illuminate\\Foundation\\Http\\Kernel->terminateMiddleware(Object(Illuminate\\Http\\Request), Object(Illuminate\\Http\\RedirectResponse))
#7 /home/dealnotd/public_html/public/main.php(64): Illuminate\\Foundation\\Http\\Kernel->terminate(Object(Illuminate\\Http\\Request), Object(Illuminate\\Http\\RedirectResponse))
#8 /home/dealnotd/public_html/public/index.php(53): require('/home/dealnotd/...')
#9 {main}
"} 
[2018-08-19 16:48:27] production.ERROR: file_put_contents(/home/dealnotd/public_html/storage/framework/sessions/CcKtAiksZ5XoCBbEKtGnr7CS8f3k1yEeteXzYHS3): failed to open stream: No such file or directory {"exception":"[object] (ErrorException(code: 0): file_put_contents(/home/dealnotd/public_html/storage/framework/sessions/CcKtAiksZ5XoCBbEKtGnr7CS8f3k1yEeteXzYHS3): failed to open stream: No such file or directory at /home/dealnotd/public_html/vendor/laravel/framework/src/Illuminate/Filesystem/Filesystem.php:122)
[stacktrace]
#0 [internal function]: Illuminate\\Foundation\\Bootstrap\\HandleExceptions->handleError(2, 'file_put_conten...', '/home/dealnotd/...', 122, Array)
#1 /home/dealnotd/public_html/vendor/laravel/framework/src/Illuminate/Filesystem/Filesystem.php(122): file_put_contents('/home/dealnotd/...', 'a:4:{s:6:\"_toke...', 2)
#2 /home/dealnotd/public_html/vendor/laravel/framework/src/Illuminate/Session/FileSessionHandler.php(83): Illuminate\\Filesystem\\Filesystem->put('/home/dealnotd/...', 'a:4:{s:6:\"_toke...', true)
#3 /home/dealnotd/public_html/vendor/laravel/framework/src/Illuminate/Session/Store.php(129): Illuminate\\Session\\FileSessionHandler->write('CcKtAiksZ5XoCBb...', 'a:4:{s:6:\"_toke...')
#4 /home/dealnotd/public_html/vendor/laravel/framework/src/Illuminate/Session/Middleware/StartSession.php(87): Illuminate\\Session\\Store->save()
#5 /home/dealnotd/public_html/vendor/laravel/framework/src/Illuminate/Foundation/Http/Kernel.php(218): Illuminate\\Session\\Middleware\\StartSession->terminate(Object(Illuminate\\Http\\Request), Object(Illuminate\\Http\\RedirectResponse))
#6 /home/dealnotd/public_html/vendor/laravel/framework/src/Illuminate/Foundation/Http/Kernel.php(189): Illuminate\\Foundation\\Http\\Kernel->terminateMiddleware(Object(Illuminate\\Http\\Request), Object(Illuminate\\Http\\RedirectResponse))
#7 /home/dealnotd/public_html/public/main.php(64): Illuminate\\Foundation\\Http\\Kernel->terminate(Object(Illuminate\\Http\\Request), Object(Illuminate\\Http\\RedirectResponse))
#8 /home/dealnotd/public_html/public/index.php(53): require('/home/dealnotd/...')
#9 {main}
"} 
[2018-08-19 16:48:33] production.ERROR: file_put_contents(/home/dealnotd/public_html/storage/framework/sessions/CcKtAiksZ5XoCBbEKtGnr7CS8f3k1yEeteXzYHS3): failed to open stream: No such file or directory {"exception":"[object] (ErrorException(code: 0): file_put_contents(/home/dealnotd/public_html/storage/framework/sessions/CcKtAiksZ5XoCBbEKtGnr7CS8f3k1yEeteXzYHS3): failed to open stream: No such file or directory at /home/dealnotd/public_html/vendor/laravel/framework/src/Illuminate/Filesystem/Filesystem.php:122)
[stacktrace]
#0 [internal function]: Illuminate\\Foundation\\Bootstrap\\HandleExceptions->handleError(2, 'file_put_conten...', '/home/dealnotd/...', 122, Array)
#1 /home/dealnotd/public_html/vendor/laravel/framework/src/Illuminate/Filesystem/Filesystem.php(122): file_put_contents('/home/dealnotd/...', 'a:4:{s:6:\"_toke...', 2)
#2 /home/dealnotd/public_html/vendor/laravel/framework/src/Illuminate/Session/FileSessionHandler.php(83): Illuminate\\Filesystem\\Filesystem->put('/home/dealnotd/...', 'a:4:{s:6:\"_toke...', true)
#3 /home/dealnotd/public_html/vendor/laravel/framework/src/Illuminate/Session/Store.php(129): Illuminate\\Session\\FileSessionHandler->write('CcKtAiksZ5XoCBb...', 'a:4:{s:6:\"_toke...')
#4 /home/dealnotd/public_html/vendor/laravel/framework/src/Illuminate/Session/Middleware/StartSession.php(87): Illuminate\\Session\\Store->save()
#5 /home/dealnotd/public_html/vendor/laravel/framework/src/Illuminate/Foundation/Http/Kernel.php(218): Illuminate\\Session\\Middleware\\StartSession->terminate(Object(Illuminate\\Http\\Request), Object(Illuminate\\Http\\RedirectResponse))
#6 /home/dealnotd/public_html/vendor/laravel/framework/src/Illuminate/Foundation/Http/Kernel.php(189): Illuminate\\Foundation\\Http\\Kernel->terminateMiddleware(Object(Illuminate\\Http\\Request), Object(Illuminate\\Http\\RedirectResponse))
#7 /home/dealnotd/public_html/public/main.php(64): Illuminate\\Foundation\\Http\\Kernel->terminate(Object(Illuminate\\Http\\Request), Object(Illuminate\\Http\\RedirectResponse))
#8 /home/dealnotd/public_html/public/index.php(53): require('/home/dealnotd/...')
#9 {main}
"} 
[2018-08-19 16:48:33] production.ERROR: file_put_contents(/home/dealnotd/public_html/storage/framework/sessions/PBDe8aCuAZHO5UhFrUt2adntV4Ejwwq66UYJxWQ5): failed to open stream: No such file or directory {"exception":"[object] (ErrorException(code: 0): file_put_contents(/home/dealnotd/public_html/storage/framework/sessions/PBDe8aCuAZHO5UhFrUt2adntV4Ejwwq66UYJxWQ5): failed to open stream: No such file or directory at /home/dealnotd/public_html/vendor/laravel/framework/src/Illuminate/Filesystem/Filesystem.php:122)
[stacktrace]
#0 [internal function]: Illuminate\\Foundation\\Bootstrap\\HandleExceptions->handleError(2, 'file_put_conten...', '/home/dealnotd/...', 122, Array)
#1 /home/dealnotd/public_html/vendor/laravel/framework/src/Illuminate/Filesystem/Filesystem.php(122): file_put_contents('/home/dealnotd/...', 'a:4:{s:8:\"curre...', 2)
#2 /home/dealnotd/public_html/vendor/laravel/framework/src/Illuminate/Session/FileSessionHandler.php(83): Illuminate\\Filesystem\\Filesystem->put('/home/dealnotd/...', 'a:4:{s:8:\"curre...', true)
#3 /home/dealnotd/public_html/vendor/laravel/framework/src/Illuminate/Session/Store.php(129): Illuminate\\Session\\FileSessionHandler->write('PBDe8aCuAZHO5Uh...', 'a:4:{s:8:\"curre...')
#4 /home/dealnotd/public_html/vendor/laravel/framework/src/Illuminate/Session/Middleware/StartSession.php(87): Illuminate\\Session\\Store->save()
#5 /home/dealnotd/public_html/vendor/laravel/framework/src/Illuminate/Foundation/Http/Kernel.php(218): Illuminate\\Session\\Middleware\\StartSession->terminate(Object(Illuminate\\Http\\Request), Object(Illuminate\\Http\\RedirectResponse))
#6 /home/dealnotd/public_html/vendor/laravel/framework/src/Illuminate/Foundation/Http/Kernel.php(189): Illuminate\\Foundation\\Http\\Kernel->terminateMiddleware(Object(Illuminate\\Http\\Request), Object(Illuminate\\Http\\RedirectResponse))
#7 /home/dealnotd/public_html/public/main.php(64): Illuminate\\Foundation\\Http\\Kernel->terminate(Object(Illuminate\\Http\\Request), Object(Illuminate\\Http\\RedirectResponse))
#8 /home/dealnotd/public_html/public/index.php(53): require('/home/dealnotd/...')
#9 {main}
"} 
[2018-08-19 16:48:33] production.ERROR: The "/home/dealnotd/public_html/storage/framework/sessions" directory does not exist. {"exception":"[object] (InvalidArgumentException(code: 0): The \"/home/dealnotd/public_html/storage/framework/sessions\" directory does not exist. at /home/dealnotd/public_html/vendor/symfony/finder/Finder.php:547)
[stacktrace]
#0 /home/dealnotd/public_html/vendor/laravel/framework/src/Illuminate/Session/FileSessionHandler.php(104): Symfony\\Component\\Finder\\Finder->in('/home/dealnotd/...')
#1 /home/dealnotd/public_html/vendor/laravel/framework/src/Illuminate/Session/Middleware/StartSession.php(133): Illuminate\\Session\\FileSessionHandler->gc(604800)
#2 /home/dealnotd/public_html/vendor/laravel/framework/src/Illuminate/Session/Middleware/StartSession.php(60): Illuminate\\Session\\Middleware\\StartSession->collectGarbage(Object(Illuminate\\Session\\Store))
#3 /home/dealnotd/public_html/vendor/laravel/framework/src/Illuminate/Pipeline/Pipeline.php(149): Illuminate\\Session\\Middleware\\StartSession->handle(Object(Illuminate\\Http\\Request), Object(Closure))
#4 /home/dealnotd/public_html/vendor/laravel/framework/src/Illuminate/Routing/Pipeline.php(53): Illuminate\\Pipeline\\Pipeline->Illuminate\\Pipeline\\{closure}(Object(Illuminate\\Http\\Request))
#5 /home/dealnotd/public_html/vendor/laravel/framework/src/Illuminate/Cookie/Middleware/AddQueuedCookiesToResponse.php(37): Illuminate\\Routing\\Pipeline->Illuminate\\Routing\\{closure}(Object(Illuminate\\Http\\Request))
#6 /home/dealnotd/public_html/vendor/laravel/framework/src/Illuminate/Pipeline/Pipeline.php(149): Illuminate\\Cookie\\Middleware\\AddQueuedCookiesToResponse->handle(Object(Illuminate\\Http\\Request), Object(Closure))
#7 /home/dealnotd/public_html/vendor/laravel/framework/src/Illuminate/Routing/Pipeline.php(53): Illuminate\\Pipeline\\Pipeline->Illuminate\\Pipeline\\{closure}(Object(Illuminate\\Http\\Request))
#8 /home/dealnotd/public_html/vendor/laravel/framework/src/Illuminate/Cookie/Middleware/EncryptCookies.php(59): Illuminate\\Routing\\Pipeline->Illuminate\\Routing\\{closure}(Object(Illuminate\\Http\\Request))
#9 /home/dealnotd/public_html/vendor/laravel/framework/src/Illuminate/Pipeline/Pipeline.php(149): Illuminate\\Cookie\\Middleware\\EncryptCookies->handle(Object(Illuminate\\Http\\Request), Object(Closure))
#10 /home/dealnotd/public_html/vendor/laravel/framework/src/Illuminate/Routing/Pipeline.php(53): Illuminate\\Pipeline\\Pipeline->Illuminate\\Pipeline\\{closure}(Object(Illuminate\\Http\\Request))
#11 /home/dealnotd/public_html/vendor/laravel/framework/src/Illuminate/Pipeline/Pipeline.php(102): Illuminate\\Routing\\Pipeline->Illuminate\\Routing\\{closure}(Object(Illuminate\\Http\\Request))
#12 /home/dealnotd/public_html/vendor/laravel/framework/src/Illuminate/Routing/Router.php(661): Illuminate\\Pipeline\\Pipeline->then(Object(Closure))
#13 /home/dealnotd/public_html/vendor/laravel/framework/src/Illuminate/Routing/Router.php(636): Illuminate\\Routing\\Router->runRouteWithinStack(Object(Illuminate\\Routing\\Route), Object(Illuminate\\Http\\Request))
#14 /home/dealnotd/public_html/vendor/laravel/framework/src/Illuminate/Routing/Router.php(602): Illuminate\\Routing\\Router->runRoute(Object(Illuminate\\Http\\Request), Object(Illuminate\\Routing\\Route))
#15 /home/dealnotd/public_html/vendor/laravel/framework/src/Illuminate/Routing/Router.php(591): Illuminate\\Routing\\Router->dispatchToRoute(Object(Illuminate\\Http\\Request))
#16 /home/dealnotd/public_html/vendor/laravel/framework/src/Illuminate/Foundation/Http/Kernel.php(176): Illuminate\\Routing\\Router->dispatch(Object(Illuminate\\Http\\Request))
#17 /home/dealnotd/public_html/vendor/laravel/framework/src/Illuminate/Routing/Pipeline.php(30): Illuminate\\Foundation\\Http\\Kernel->Illuminate\\Foundation\\Http\\{closure}(Object(Illuminate\\Http\\Request))
#18 /home/dealnotd/public_html/vendor/fideloper/proxy/src/TrustProxies.php(57): Illuminate\\Routing\\Pipeline->Illuminate\\Routing\\{closure}(Object(Illuminate\\Http\\Request))
#19 /home/dealnotd/public_html/vendor/laravel/framework/src/Illuminate/Pipeline/Pipeline.php(149): Fideloper\\Proxy\\TrustProxies->handle(Object(Illuminate\\Http\\Request), Object(Closure))
#20 /home/dealnotd/public_html/vendor/laravel/framework/src/Illuminate/Routing/Pipeline.php(53): Illuminate\\Pipeline\\Pipeline->Illuminate\\Pipeline\\{closure}(Object(Illuminate\\Http\\Request))
#21 /home/dealnotd/public_html/vendor/laravel/framework/src/Illuminate/Foundation/Http/Middleware/TransformsRequest.php(30): Illuminate\\Routing\\Pipeline->Illuminate\\Routing\\{closure}(Object(Illuminate\\Http\\Request))
#22 /home/dealnotd/public_html/vendor/laravel/framework/src/Illuminate/Pipeline/Pipeline.php(149): Illuminate\\Foundation\\Http\\Middleware\\TransformsRequest->handle(Object(Illuminate\\Http\\Request), Object(Closure))
#23 /home/dealnotd/public_html/vendor/laravel/framework/src/Illuminate/Routing/Pipeline.php(53): Illuminate\\Pipeline\\Pipeline->Illuminate\\Pipeline\\{closure}(Object(Illuminate\\Http\\Request))
#24 /home/dealnotd/public_html/vendor/laravel/framework/src/Illuminate/Foundation/Http/Middleware/TransformsRequest.php(30): Illuminate\\Routing\\Pipeline->Illuminate\\Routing\\{closure}(Object(Illuminate\\Http\\Request))
#25 /home/dealnotd/public_html/vendor/laravel/framework/src/Illuminate/Pipeline/Pipeline.php(149): Illuminate\\Foundation\\Http\\Middleware\\TransformsRequest->handle(Object(Illuminate\\Http\\Request), Object(Closure))
#26 /home/dealnotd/public_html/vendor/laravel/framework/src/Illuminate/Routing/Pipeline.php(53): Illuminate\\Pipeline\\Pipeline->Illuminate\\Pipeline\\{closure}(Object(Illuminate\\Http\\Request))
#27 /home/dealnotd/public_html/vendor/laravel/framework/src/Illuminate/Foundation/Http/Middleware/ValidatePostSize.php(27): Illuminate\\Routing\\Pipeline->Illuminate\\Routing\\{closure}(Object(Illuminate\\Http\\Request))
#28 /home/dealnotd/public_html/vendor/laravel/framework/src/Illuminate/Pipeline/Pipeline.php(149): Illuminate\\Foundation\\Http\\Middleware\\ValidatePostSize->handle(Object(Illuminate\\Http\\Request), Object(Closure))
#29 /home/dealnotd/public_html/vendor/laravel/framework/src/Illuminate/Routing/Pipeline.php(53): Illuminate\\Pipeline\\Pipeline->Illuminate\\Pipeline\\{closure}(Object(Illuminate\\Http\\Request))
#30 /home/dealnotd/public_html/app/Http/Middleware/CheckForMaintenanceMode.php(70): Illuminate\\Routing\\Pipeline->Illuminate\\Routing\\{closure}(Object(Illuminate\\Http\\Request))
#31 /home/dealnotd/public_html/vendor/laravel/framework/src/Illuminate/Pipeline/Pipeline.php(149): App\\Http\\Middleware\\CheckForMaintenanceMode->handle(Object(Illuminate\\Http\\Request), Object(Closure))
#32 /home/dealnotd/public_html/vendor/laravel/framework/src/Illuminate/Routing/Pipeline.php(53): Illuminate\\Pipeline\\Pipeline->Illuminate\\Pipeline\\{closure}(Object(Illuminate\\Http\\Request))
#33 /home/dealnotd/public_html/vendor/laravel/framework/src/Illuminate/Pipeline/Pipeline.php(102): Illuminate\\Routing\\Pipeline->Illuminate\\Routing\\{closure}(Object(Illuminate\\Http\\Request))
#34 /home/dealnotd/public_html/vendor/laravel/framework/src/Illuminate/Foundation/Http/Kernel.php(151): Illuminate\\Pipeline\\Pipeline->then(Object(Closure))
#35 /home/dealnotd/public_html/vendor/laravel/framework/src/Illuminate/Foundation/Http/Kernel.php(116): Illuminate\\Foundation\\Http\\Kernel->sendRequestThroughRouter(Object(Illuminate\\Http\\Request))
#36 /home/dealnotd/public_html/public/main.php(59): Illuminate\\Foundation\\Http\\Kernel->handle(Object(Illuminate\\Http\\Request))
#37 /home/dealnotd/public_html/public/index.php(53): require('/home/dealnotd/...')
#38 {main}
"} 
[2018-08-19 16:48:33] production.ERROR: file_put_contents(/home/dealnotd/public_html/storage/framework/sessions/CcKtAiksZ5XoCBbEKtGnr7CS8f3k1yEeteXzYHS3): failed to open stream: No such file or directory {"exception":"[object] (ErrorException(code: 0): file_put_contents(/home/dealnotd/public_html/storage/framework/sessions/CcKtAiksZ5XoCBbEKtGnr7CS8f3k1yEeteXzYHS3): failed to open stream: No such file or directory at /home/dealnotd/public_html/vendor/laravel/framework/src/Illuminate/Filesystem/Filesystem.php:122)
[stacktrace]
#0 [internal function]: Illuminate\\Foundation\\Bootstrap\\HandleExceptions->handleError(2, 'file_put_conten...', '/home/dealnotd/...', 122, Array)
#1 /home/dealnotd/public_html/vendor/laravel/framework/src/Illuminate/Filesystem/Filesystem.php(122): file_put_contents('/home/dealnotd/...', 'a:2:{s:6:\"_toke...', 2)
#2 /home/dealnotd/public_html/vendor/laravel/framework/src/Illuminate/Session/FileSessionHandler.php(83): Illuminate\\Filesystem\\Filesystem->put('/home/dealnotd/...', 'a:2:{s:6:\"_toke...', true)
#3 /home/dealnotd/public_html/vendor/laravel/framework/src/Illuminate/Session/Store.php(129): Illuminate\\Session\\FileSessionHandler->write('CcKtAiksZ5XoCBb...', 'a:2:{s:6:\"_toke...')
#4 /home/dealnotd/public_html/vendor/laravel/framework/src/Illuminate/Session/Middleware/StartSession.php(87): Illuminate\\Session\\Store->save()
#5 /home/dealnotd/public_html/vendor/laravel/framework/src/Illuminate/Foundation/Http/Kernel.php(218): Illuminate\\Session\\Middleware\\StartSession->terminate(Object(Illuminate\\Http\\Request), Object(Illuminate\\Http\\Response))
#6 /home/dealnotd/public_html/vendor/laravel/framework/src/Illuminate/Foundation/Http/Kernel.php(189): Illuminate\\Foundation\\Http\\Kernel->terminateMiddleware(Object(Illuminate\\Http\\Request), Object(Illuminate\\Http\\Response))
#7 /home/dealnotd/public_html/public/main.php(64): Illuminate\\Foundation\\Http\\Kernel->terminate(Object(Illuminate\\Http\\Request), Object(Illuminate\\Http\\Response))
#8 /home/dealnotd/public_html/public/index.php(53): require('/home/dealnotd/...')
#9 {main}
"} 
[2018-08-19 16:48:40] production.ERROR: file_put_contents(/home/dealnotd/public_html/storage/framework/sessions/CcKtAiksZ5XoCBbEKtGnr7CS8f3k1yEeteXzYHS3): failed to open stream: No such file or directory {"exception":"[object] (ErrorException(code: 0): file_put_contents(/home/dealnotd/public_html/storage/framework/sessions/CcKtAiksZ5XoCBbEKtGnr7CS8f3k1yEeteXzYHS3): failed to open stream: No such file or directory at /home/dealnotd/public_html/vendor/laravel/framework/src/Illuminate/Filesystem/Filesystem.php:122)
[stacktrace]
#0 [internal function]: Illuminate\\Foundation\\Bootstrap\\HandleExceptions->handleError(2, 'file_put_conten...', '/home/dealnotd/...', 122, Array)
#1 /home/dealnotd/public_html/vendor/laravel/framework/src/Illuminate/Filesystem/Filesystem.php(122): file_put_contents('/home/dealnotd/...', 'a:3:{s:8:\"curre...', 2)
#2 /home/dealnotd/public_html/vendor/laravel/framework/src/Illuminate/Session/FileSessionHandler.php(83): Illuminate\\Filesystem\\Filesystem->put('/home/dealnotd/...', 'a:3:{s:8:\"curre...', true)
#3 /home/dealnotd/public_html/vendor/laravel/framework/src/Illuminate/Session/Store.php(129): Illuminate\\Session\\FileSessionHandler->write('CcKtAiksZ5XoCBb...', 'a:3:{s:8:\"curre...')
#4 /home/dealnotd/public_html/vendor/laravel/framework/src/Illuminate/Session/Middleware/StartSession.php(87): Illuminate\\Session\\Store->save()
#5 /home/dealnotd/public_html/vendor/laravel/framework/src/Illuminate/Foundation/Http/Kernel.php(218): Illuminate\\Session\\Middleware\\StartSession->terminate(Object(Illuminate\\Http\\Request), Object(Illuminate\\Http\\RedirectResponse))
#6 /home/dealnotd/public_html/vendor/laravel/framework/src/Illuminate/Foundation/Http/Kernel.php(189): Illuminate\\Foundation\\Http\\Kernel->terminateMiddleware(Object(Illuminate\\Http\\Request), Object(Illuminate\\Http\\RedirectResponse))
#7 /home/dealnotd/public_html/public/main.php(64): Illuminate\\Foundation\\Http\\Kernel->terminate(Object(Illuminate\\Http\\Request), Object(Illuminate\\Http\\RedirectResponse))
#8 /home/dealnotd/public_html/public/index.php(53): require('/home/dealnotd/...')
#9 {main}
"} 
[2018-08-19 16:48:44] production.ERROR: file_put_contents(/home/dealnotd/public_html/storage/framework/sessions/lVfizg8mAtdj0FjNRgGhYamrY5atGCDHefNMYzu6): failed to open stream: No such file or directory {"exception":"[object] (ErrorException(code: 0): file_put_contents(/home/dealnotd/public_html/storage/framework/sessions/lVfizg8mAtdj0FjNRgGhYamrY5atGCDHefNMYzu6): failed to open stream: No such file or directory at /home/dealnotd/public_html/vendor/laravel/framework/src/Illuminate/Filesystem/Filesystem.php:122)
[stacktrace]
#0 [internal function]: Illuminate\\Foundation\\Bootstrap\\HandleExceptions->handleError(2, 'file_put_conten...', '/home/dealnotd/...', 122, Array)
#1 /home/dealnotd/public_html/vendor/laravel/framework/src/Illuminate/Filesystem/Filesystem.php(122): file_put_contents('/home/dealnotd/...', 'a:5:{s:8:\"curre...', 2)
#2 /home/dealnotd/public_html/vendor/laravel/framework/src/Illuminate/Session/FileSessionHandler.php(83): Illuminate\\Filesystem\\Filesystem->put('/home/dealnotd/...', 'a:5:{s:8:\"curre...', true)
#3 /home/dealnotd/public_html/vendor/laravel/framework/src/Illuminate/Session/Store.php(129): Illuminate\\Session\\FileSessionHandler->write('lVfizg8mAtdj0Fj...', 'a:5:{s:8:\"curre...')
#4 /home/dealnotd/public_html/vendor/laravel/framework/src/Illuminate/Session/Middleware/StartSession.php(87): Illuminate\\Session\\Store->save()
#5 /home/dealnotd/public_html/vendor/laravel/framework/src/Illuminate/Foundation/Http/Kernel.php(218): Illuminate\\Session\\Middleware\\StartSession->terminate(Object(Illuminate\\Http\\Request), Object(Illuminate\\Http\\RedirectResponse))
#6 /home/dealnotd/public_html/vendor/laravel/framework/src/Illuminate/Foundation/Http/Kernel.php(189): Illuminate\\Foundation\\Http\\Kernel->terminateMiddleware(Object(Illuminate\\Http\\Request), Object(Illuminate\\Http\\RedirectResponse))
#7 /home/dealnotd/public_html/public/main.php(64): Illuminate\\Foundation\\Http\\Kernel->terminate(Object(Illuminate\\Http\\Request), Object(Illuminate\\Http\\RedirectResponse))
#8 /home/dealnotd/public_html/public/index.php(53): require('/home/dealnotd/...')
#9 {main}
"} 
[2018-08-19 16:48:45] production.ERROR: Please provide a valid cache path. {"exception":"[object] (InvalidArgumentException(code: 0): Please provide a valid cache path. at /home/dealnotd/public_html/vendor/laravel/framework/src/Illuminate/View/Compilers/Compiler.php:36)
[stacktrace]
#0 /home/dealnotd/public_html/vendor/laravel/framework/src/Illuminate/View/ViewServiceProvider.php(141): Illuminate\\View\\Compilers\\Compiler->__construct(Object(Illuminate\\Filesystem\\Filesystem), false)
#1 /home/dealnotd/public_html/vendor/laravel/framework/src/Illuminate/Container/Container.php(764): Illuminate\\View\\ViewServiceProvider->Illuminate\\View\\{closure}(Object(Illuminate\\Foundation\\Application), Array)
#2 /home/dealnotd/public_html/vendor/laravel/framework/src/Illuminate/Container/Container.php(646): Illuminate\\Container\\Container->build(Object(Closure))
#3 /home/dealnotd/public_html/vendor/laravel/framework/src/Illuminate/Container/Container.php(601): Illuminate\\Container\\Container->resolve('blade.compiler', Array)
#4 /home/dealnotd/public_html/vendor/laravel/framework/src/Illuminate/Foundation/Application.php(734): Illuminate\\Container\\Container->make('blade.compiler', Array)
#5 /home/dealnotd/public_html/vendor/laravel/framework/src/Illuminate/Container/Container.php(1210): Illuminate\\Foundation\\Application->make('blade.compiler')
#6 /home/dealnotd/public_html/vendor/laravel/framework/src/Illuminate/View/ViewServiceProvider.php(146): Illuminate\\Container\\Container->offsetGet('blade.compiler')
#7 [internal function]: Illuminate\\View\\ViewServiceProvider->Illuminate\\View\\{closure}()
#8 /home/dealnotd/public_html/vendor/laravel/framework/src/Illuminate/View/Engines/EngineResolver.php(54): call_user_func(Object(Closure))
#9 /home/dealnotd/public_html/vendor/laravel/framework/src/Illuminate/View/Factory.php(284): Illuminate\\View\\Engines\\EngineResolver->resolve('blade')
#10 /home/dealnotd/public_html/vendor/laravel/framework/src/Illuminate/View/Factory.php(248): Illuminate\\View\\Factory->getEngineFromPath('/home/dealnotd/...')
#11 /home/dealnotd/public_html/vendor/laravel/framework/src/Illuminate/View/Factory.php(136): Illuminate\\View\\Factory->viewInstance('errors::404', '/home/dealnotd/...', Array)
#12 /home/dealnotd/public_html/vendor/laravel/framework/src/Illuminate/Routing/ResponseFactory.php(69): Illuminate\\View\\Factory->make('errors::404', Array)
#13 /home/dealnotd/public_html/vendor/laravel/framework/src/Illuminate/Foundation/Exceptions/Handler.php(379): Illuminate\\Routing\\ResponseFactory->view('errors::404', Array, 404, Array)
#14 /home/dealnotd/public_html/app/Exceptions/Handler.php(132): Illuminate\\Foundation\\Exceptions\\Handler->renderHttpException(Object(Symfony\\Component\\HttpKernel\\Exception\\NotFoundHttpException))
#15 /home/dealnotd/public_html/vendor/laravel/framework/src/Illuminate/Routing/Pipeline.php(83): App\\Exceptions\\Handler->render(Object(Illuminate\\Http\\Request), Object(Symfony\\Component\\HttpKernel\\Exception\\NotFoundHttpException))
#16 /home/dealnotd/public_html/vendor/laravel/framework/src/Illuminate/Routing/Pipeline.php(32): Illuminate\\Routing\\Pipeline->handleException(Object(Illuminate\\Http\\Request), Object(Symfony\\Component\\HttpKernel\\Exception\\NotFoundHttpException))
#17 /home/dealnotd/public_html/vendor/fideloper/proxy/src/TrustProxies.php(57): Illuminate\\Routing\\Pipeline->Illuminate\\Routing\\{closure}(Object(Illuminate\\Http\\Request))
#18 /home/dealnotd/public_html/vendor/laravel/framework/src/Illuminate/Pipeline/Pipeline.php(149): Fideloper\\Proxy\\TrustProxies->handle(Object(Illuminate\\Http\\Request), Object(Closure))
#19 /home/dealnotd/public_html/vendor/laravel/framework/src/Illuminate/Routing/Pipeline.php(53): Illuminate\\Pipeline\\Pipeline->Illuminate\\Pipeline\\{closure}(Object(Illuminate\\Http\\Request))
#20 /home/dealnotd/public_html/vendor/laravel/framework/src/Illuminate/Foundation/Http/Middleware/TransformsRequest.php(30): Illuminate\\Routing\\Pipeline->Illuminate\\Routing\\{closure}(Object(Illuminate\\Http\\Request))
#21 /home/dealnotd/public_html/vendor/laravel/framework/src/Illuminate/Pipeline/Pipeline.php(149): Illuminate\\Foundation\\Http\\Middleware\\TransformsRequest->handle(Object(Illuminate\\Http\\Request), Object(Closure))
#22 /home/dealnotd/public_html/vendor/laravel/framework/src/Illuminate/Routing/Pipeline.php(53): Illuminate\\Pipeline\\Pipeline->Illuminate\\Pipeline\\{closure}(Object(Illuminate\\Http\\Request))
#23 /home/dealnotd/public_html/vendor/laravel/framework/src/Illuminate/Foundation/Http/Middleware/TransformsRequest.php(30): Illuminate\\Routing\\Pipeline->Illuminate\\Routing\\{closure}(Object(Illuminate\\Http\\Request))
#24 /home/dealnotd/public_html/vendor/laravel/framework/src/Illuminate/Pipeline/Pipeline.php(149): Illuminate\\Foundation\\Http\\Middleware\\TransformsRequest->handle(Object(Illuminate\\Http\\Request), Object(Closure))
#25 /home/dealnotd/public_html/vendor/laravel/framework/src/Illuminate/Routing/Pipeline.php(53): Illuminate\\Pipeline\\Pipeline->Illuminate\\Pipeline\\{closure}(Object(Illuminate\\Http\\Request))
#26 /home/dealnotd/public_html/vendor/laravel/framework/src/Illuminate/Foundation/Http/Middleware/ValidatePostSize.php(27): Illuminate\\Routing\\Pipeline->Illuminate\\Routing\\{closure}(Object(Illuminate\\Http\\Request))
#27 /home/dealnotd/public_html/vendor/laravel/framework/src/Illuminate/Pipeline/Pipeline.php(149): Illuminate\\Foundation\\Http\\Middleware\\ValidatePostSize->handle(Object(Illuminate\\Http\\Request), Object(Closure))
#28 /home/dealnotd/public_html/vendor/laravel/framework/src/Illuminate/Routing/Pipeline.php(53): Illuminate\\Pipeline\\Pipeline->Illuminate\\Pipeline\\{closure}(Object(Illuminate\\Http\\Request))
#29 /home/dealnotd/public_html/app/Http/Middleware/CheckForMaintenanceMode.php(70): Illuminate\\Routing\\Pipeline->Illuminate\\Routing\\{closure}(Object(Illuminate\\Http\\Request))
#30 /home/dealnotd/public_html/vendor/laravel/framework/src/Illuminate/Pipeline/Pipeline.php(149): App\\Http\\Middleware\\CheckForMaintenanceMode->handle(Object(Illuminate\\Http\\Request), Object(Closure))
#31 /home/dealnotd/public_html/vendor/laravel/framework/src/Illuminate/Routing/Pipeline.php(53): Illuminate\\Pipeline\\Pipeline->Illuminate\\Pipeline\\{closure}(Object(Illuminate\\Http\\Request))
#32 /home/dealnotd/public_html/vendor/laravel/framework/src/Illuminate/Pipeline/Pipeline.php(102): Illuminate\\Routing\\Pipeline->Illuminate\\Routing\\{closure}(Object(Illuminate\\Http\\Request))
#33 /home/dealnotd/public_html/vendor/laravel/framework/src/Illuminate/Foundation/Http/Kernel.php(151): Illuminate\\Pipeline\\Pipeline->then(Object(Closure))
#34 /home/dealnotd/public_html/vendor/laravel/framework/src/Illuminate/Foundation/Http/Kernel.php(116): Illuminate\\Foundation\\Http\\Kernel->sendRequestThroughRouter(Object(Illuminate\\Http\\Request))
#35 /home/dealnotd/public_html/public/main.php(59): Illuminate\\Foundation\\Http\\Kernel->handle(Object(Illuminate\\Http\\Request))
#36 /home/dealnotd/public_html/public/index.php(53): require('/home/dealnotd/...')
#37 {main}
"} 
